2019-02-19 16:13:02 Notice: Notice (8): Undefined variable: link in [/var/www/html/uganda_staging/app/Controller/BiometricsController.php, line 19]
Trace:
ErrorHandler::handleError() - CORE/Cake/Error/ErrorHandler.php, line 230
BiometricsController::databaseConnection() - APP/Controller/BiometricsController.php, line 19
BiometricsController::fetchData() - APP/Controller/BiometricsController.php, line 29
BiometricsController::dataCheck() - APP/Controller/BiometricsController.php, line 93
ReflectionMethod::invokeArgs() - [internal], line ??
Controller::invokeAction() - CORE/Cake/Controller/Controller.php, line 491
Dispatcher::_invoke() - CORE/Cake/Routing/Dispatcher.php, line 193
Dispatcher::dispatch() - CORE/Cake/Routing/Dispatcher.php, line 167
[main] - APP/webroot/index.php, line 111

2019-02-19 16:13:02 Notice: Notice (8): Use of undefined constant SQLSRV_CURSOR_KEYSET - assumed 'SQLSRV_CURSOR_KEYSET' in [/var/www/html/uganda_staging/app/Controller/BiometricsController.php, line 31]
Trace:
ErrorHandler::handleError() - CORE/Cake/Error/ErrorHandler.php, line 230
BiometricsController::fetchData() - APP/Controller/BiometricsController.php, line 31
BiometricsController::dataCheck() - APP/Controller/BiometricsController.php, line 93
ReflectionMethod::invokeArgs() - [internal], line ??
Controller::invokeAction() - CORE/Cake/Controller/Controller.php, line 491
Dispatcher::_invoke() - CORE/Cake/Routing/Dispatcher.php, line 193
Dispatcher::dispatch() - CORE/Cake/Routing/Dispatcher.php, line 167
[main] - APP/webroot/index.php, line 111

2019-02-19 16:13:02 Notice: Notice (8): Undefined variable: link in [/var/www/html/uganda_staging/app/Controller/BiometricsController.php, line 19]
Trace:
ErrorHandler::handleError() - CORE/Cake/Error/ErrorHandler.php, line 230
BiometricsController::databaseConnection() - APP/Controller/BiometricsController.php, line 19
BiometricsController::execQuery() - APP/Controller/BiometricsController.php, line 45
BiometricsController::dataCheck() - APP/Controller/BiometricsController.php, line 94
ReflectionMethod::invokeArgs() - [internal], line ??
Controller::invokeAction() - CORE/Cake/Controller/Controller.php, line 491
Dispatcher::_invoke() - CORE/Cake/Routing/Dispatcher.php, line 193
Dispatcher::dispatch() - CORE/Cake/Routing/Dispatcher.php, line 167
[main] - APP/webroot/index.php, line 111

2019-02-19 16:13:02 Notice: Notice (8): Use of undefined constant SQLSRV_CURSOR_KEYSET - assumed 'SQLSRV_CURSOR_KEYSET' in [/var/www/html/uganda_staging/app/Controller/BiometricsController.php, line 47]
Trace:
ErrorHandler::handleError() - CORE/Cake/Error/ErrorHandler.php, line 230
BiometricsController::execQuery() - APP/Controller/BiometricsController.php, line 47
BiometricsController::dataCheck() - APP/Controller/BiometricsController.php, line 94
ReflectionMethod::invokeArgs() - [internal], line ??
Controller::invokeAction() - CORE/Cake/Controller/Controller.php, line 491
Dispatcher::_invoke() - CORE/Cake/Routing/Dispatcher.php, line 193
Dispatcher::dispatch() - CORE/Cake/Routing/Dispatcher.php, line 167
[main] - APP/webroot/index.php, line 111

2019-02-19 16:42:34 Notice: Notice (8): Undefined variable: link in [/var/www/html/uganda_staging/app/Controller/BiometricsController.php, line 19]
Trace:
ErrorHandler::handleError() - CORE/Cake/Error/ErrorHandler.php, line 230
BiometricsController::databaseConnection() - APP/Controller/BiometricsController.php, line 19
BiometricsController::fetchData() - APP/Controller/BiometricsController.php, line 29
BiometricsController::getLastPunch() - APP/Controller/BiometricsController.php, line 115
ReflectionMethod::invokeArgs() - [internal], line ??
Controller::invokeAction() - CORE/Cake/Controller/Controller.php, line 491
Dispatcher::_invoke() - CORE/Cake/Routing/Dispatcher.php, line 193
Dispatcher::dispatch() - CORE/Cake/Routing/Dispatcher.php, line 167
[main] - APP/webroot/index.php, line 111

2019-02-19 16:42:34 Notice: Notice (8): Use of undefined constant SQLSRV_CURSOR_KEYSET - assumed 'SQLSRV_CURSOR_KEYSET' in [/var/www/html/uganda_staging/app/Controller/BiometricsController.php, line 31]
Trace:
ErrorHandler::handleError() - CORE/Cake/Error/ErrorHandler.php, line 230
BiometricsController::fetchData() - APP/Controller/BiometricsController.php, line 31
BiometricsController::getLastPunch() - APP/Controller/BiometricsController.php, line 115
ReflectionMethod::invokeArgs() - [internal], line ??
Controller::invokeAction() - CORE/Cake/Controller/Controller.php, line 491
Dispatcher::_invoke() - CORE/Cake/Routing/Dispatcher.php, line 193
Dispatcher::dispatch() - CORE/Cake/Routing/Dispatcher.php, line 167
[main] - APP/webroot/index.php, line 111

