2019-02-19 15:57:04 Error: Fatal Error (1): Call to a member function find() on null in [/var/www/html/uganda_staging/app/Controller/EarningRatesController.php, line 462]
2019-02-19 15:57:04 Error: [FatalErrorException] Call to a member function find() on null
Request URL: /uganda_staging/earningRates/assignGrades
Stack Trace:
#0 /var/www/html/uganda_staging/lib/Cake/Error/ErrorHandler.php(212): ErrorHandler::handleFatalError(1, 'Call to a membe...', '/var/www/html/u...', 462)
#1 [internal function]: ErrorHandler::handleError(1, 'Call to a membe...', '/var/www/html/u...', 462, Array)
#2 /var/www/html/uganda_staging/lib/Cake/Core/App.php(970): call_user_func('ErrorHandler::h...', 1, 'Call to a membe...', '/var/www/html/u...', 462, Array)
#3 /var/www/html/uganda_staging/lib/Cake/Core/App.php(943): App::_checkFatalError()
#4 [internal function]: App::shutdown()
#5 {main}
2019-02-19 16:10:59 Error: [MissingControllerException] Controller class ThemeController could not be found.
Exception Attributes: array (
  'class' => 'ThemeController',
  'plugin' => NULL,
)
Request URL: /uganda_staging/theme/js/lightbox-plus-jquery.min.map
Stack Trace:
#0 /var/www/html/uganda_staging/app/webroot/index.php(111): Dispatcher->dispatch(Object(CakeRequest), Object(CakeResponse))
#1 {main}
2019-02-19 16:11:06 Error: [MissingControllerException] Controller class ThemeController could not be found.
Exception Attributes: array (
  'class' => 'ThemeController',
  'plugin' => NULL,
)
Request URL: /uganda_staging/theme/js/lightbox-plus-jquery.min.map
Stack Trace:
#0 /var/www/html/uganda_staging/app/webroot/index.php(111): Dispatcher->dispatch(Object(CakeRequest), Object(CakeResponse))
#1 {main}
2019-02-19 16:19:42 Error: [MissingControllerException] Controller class ThemeController could not be found.
Exception Attributes: array (
  'class' => 'ThemeController',
  'plugin' => NULL,
)
Request URL: /uganda_staging/theme/js/lightbox-plus-jquery.min.map
Stack Trace:
#0 /var/www/html/uganda_staging/app/webroot/index.php(111): Dispatcher->dispatch(Object(CakeRequest), Object(CakeResponse))
#1 {main}
2019-02-19 16:20:04 Error: Fatal Error (4): syntax error, unexpected 'if' (T_IF), expecting function (T_FUNCTION) in [/var/www/html/uganda_staging/app/Controller/VisitorsController.php, line 1158]
2019-02-19 16:20:04 Error: [FatalErrorException] syntax error, unexpected 'if' (T_IF), expecting function (T_FUNCTION)
Request URL: /uganda_staging/visitors/add
Stack Trace:
#0 /var/www/html/uganda_staging/lib/Cake/Error/ErrorHandler.php(212): ErrorHandler::handleFatalError(4, 'syntax error, u...', '/var/www/html/u...', 1158)
#1 [internal function]: ErrorHandler::handleError(4, 'syntax error, u...', '/var/www/html/u...', 1158, Array)
#2 /var/www/html/uganda_staging/lib/Cake/Core/App.php(970): call_user_func('ErrorHandler::h...', 4, 'syntax error, u...', '/var/www/html/u...', 1158, Array)
#3 /var/www/html/uganda_staging/lib/Cake/Core/App.php(943): App::_checkFatalError()
#4 [internal function]: App::shutdown()
#5 {main}
2019-02-19 16:28:06 Error: [MissingControllerException] Controller class ThemeController could not be found.
Exception Attributes: array (
  'class' => 'ThemeController',
  'plugin' => NULL,
)
Request URL: /uganda_staging/theme/js/lightbox-plus-jquery.min.map
Stack Trace:
#0 /var/www/html/uganda_staging/app/webroot/index.php(111): Dispatcher->dispatch(Object(CakeRequest), Object(CakeResponse))
#1 {main}
2019-02-19 16:31:35 Error: [PDOException] SQLSTATE[42S22]: Column not found: 1054 Unknown column 'ReturnFromCourt.case_file_no' in 'where clause'
Request URL: /uganda_staging/prisoners/appealAjax/prisoner_id:440/puuid:d00c499f-2515-11e9-980a-941882087e06/editPrisoner:0
Stack Trace:
#0 /var/www/html/uganda_staging/lib/Cake/Model/Datasource/DboSource.php(470): PDOStatement->execute(Array)
#1 /var/www/html/uganda_staging/lib/Cake/Model/Datasource/DboSource.php(436): DboSource->_execute('SELECT COUNT(*)...', Array)
#2 /var/www/html/uganda_staging/lib/Cake/Model/Datasource/DboSource.php(673): DboSource->execute('SELECT COUNT(*)...', Array, Array)
#3 /var/www/html/uganda_staging/lib/Cake/Model/Datasource/DboSource.php(1184): DboSource->fetchAll('SELECT COUNT(*)...', false)
#4 /var/www/html/uganda_staging/lib/Cake/Model/Model.php(3038): DboSource->read(Object(ReturnFromCourt), Array)
#5 /var/www/html/uganda_staging/lib/Cake/Model/Model.php(3010): Model->_readDataSource('count', Array)
#6 /var/www/html/uganda_staging/app/Controller/AppController.php(4976): Model->find('count', Array)
#7 /var/www/html/uganda_staging/app/View/Prisoners/appeal_ajax.ctp(139): AppController->checkAppealResult('137', '226')
#8 /var/www/html/uganda_staging/lib/Cake/View/View.php(971): include('/var/www/html/u...')
#9 /var/www/html/uganda_staging/lib/Cake/View/View.php(933): View->_evaluate('/var/www/html/u...', Array)
#10 /var/www/html/uganda_staging/lib/Cake/View/View.php(473): View->_render('/var/www/html/u...')
#11 /var/www/html/uganda_staging/lib/Cake/Controller/Controller.php(963): View->render(NULL, NULL)
#12 /var/www/html/uganda_staging/lib/Cake/Routing/Dispatcher.php(200): Controller->render()
#13 /var/www/html/uganda_staging/lib/Cake/Routing/Dispatcher.php(167): Dispatcher->_invoke(Object(PrisonersController), Object(CakeRequest))
#14 /var/www/html/uganda_staging/app/webroot/index.php(111): Dispatcher->dispatch(Object(CakeRequest), Object(CakeResponse))
#15 {main}
2019-02-19 16:31:35 Error: [MissingControllerException] Controller class ThemeController could not be found.
Exception Attributes: array (
  'class' => 'ThemeController',
  'plugin' => NULL,
)
Request URL: /uganda_staging/theme/js/lightbox-plus-jquery.min.map
Stack Trace:
#0 /var/www/html/uganda_staging/app/webroot/index.php(111): Dispatcher->dispatch(Object(CakeRequest), Object(CakeResponse))
#1 {main}
2019-02-19 16:31:36 Error: [PDOException] SQLSTATE[42S22]: Column not found: 1054 Unknown column 'ReturnFromCourt.case_file_no' in 'where clause'
Request URL: /uganda_staging/prisoners/appealAjax/prisoner_id:440/puuid:d00c499f-2515-11e9-980a-941882087e06/editPrisoner:0
Stack Trace:
#0 /var/www/html/uganda_staging/lib/Cake/Model/Datasource/DboSource.php(470): PDOStatement->execute(Array)
#1 /var/www/html/uganda_staging/lib/Cake/Model/Datasource/DboSource.php(436): DboSource->_execute('SELECT COUNT(*)...', Array)
#2 /var/www/html/uganda_staging/lib/Cake/Model/Datasource/DboSource.php(673): DboSource->execute('SELECT COUNT(*)...', Array, Array)
#3 /var/www/html/uganda_staging/lib/Cake/Model/Datasource/DboSource.php(1184): DboSource->fetchAll('SELECT COUNT(*)...', false)
#4 /var/www/html/uganda_staging/lib/Cake/Model/Model.php(3038): DboSource->read(Object(ReturnFromCourt), Array)
#5 /var/www/html/uganda_staging/lib/Cake/Model/Model.php(3010): Model->_readDataSource('count', Array)
#6 /var/www/html/uganda_staging/app/Controller/AppController.php(4976): Model->find('count', Array)
#7 /var/www/html/uganda_staging/app/View/Prisoners/appeal_ajax.ctp(139): AppController->checkAppealResult('137', '226')
#8 /var/www/html/uganda_staging/lib/Cake/View/View.php(971): include('/var/www/html/u...')
#9 /var/www/html/uganda_staging/lib/Cake/View/View.php(933): View->_evaluate('/var/www/html/u...', Array)
#10 /var/www/html/uganda_staging/lib/Cake/View/View.php(473): View->_render('/var/www/html/u...')
#11 /var/www/html/uganda_staging/lib/Cake/Controller/Controller.php(963): View->render(NULL, NULL)
#12 /var/www/html/uganda_staging/lib/Cake/Routing/Dispatcher.php(200): Controller->render()
#13 /var/www/html/uganda_staging/lib/Cake/Routing/Dispatcher.php(167): Dispatcher->_invoke(Object(PrisonersController), Object(CakeRequest))
#14 /var/www/html/uganda_staging/app/webroot/index.php(111): Dispatcher->dispatch(Object(CakeRequest), Object(CakeResponse))
#15 {main}
2019-02-19 16:31:54 Error: [PDOException] SQLSTATE[42S22]: Column not found: 1054 Unknown column 'ReturnFromCourt.case_file_no' in 'where clause'
Request URL: /uganda_staging/prisoners/appealAjax/prisoner_id:440/puuid:d00c499f-2515-11e9-980a-941882087e06/editPrisoner:0
Stack Trace:
#0 /var/www/html/uganda_staging/lib/Cake/Model/Datasource/DboSource.php(470): PDOStatement->execute(Array)
#1 /var/www/html/uganda_staging/lib/Cake/Model/Datasource/DboSource.php(436): DboSource->_execute('SELECT COUNT(*)...', Array)
#2 /var/www/html/uganda_staging/lib/Cake/Model/Datasource/DboSource.php(673): DboSource->execute('SELECT COUNT(*)...', Array, Array)
#3 /var/www/html/uganda_staging/lib/Cake/Model/Datasource/DboSource.php(1184): DboSource->fetchAll('SELECT COUNT(*)...', false)
#4 /var/www/html/uganda_staging/lib/Cake/Model/Model.php(3038): DboSource->read(Object(ReturnFromCourt), Array)
#5 /var/www/html/uganda_staging/lib/Cake/Model/Model.php(3010): Model->_readDataSource('count', Array)
#6 /var/www/html/uganda_staging/app/Controller/AppController.php(4976): Model->find('count', Array)
#7 /var/www/html/uganda_staging/app/View/Prisoners/appeal_ajax.ctp(139): AppController->checkAppealResult('137', '226')
#8 /var/www/html/uganda_staging/lib/Cake/View/View.php(971): include('/var/www/html/u...')
#9 /var/www/html/uganda_staging/lib/Cake/View/View.php(933): View->_evaluate('/var/www/html/u...', Array)
#10 /var/www/html/uganda_staging/lib/Cake/View/View.php(473): View->_render('/var/www/html/u...')
#11 /var/www/html/uganda_staging/lib/Cake/Controller/Controller.php(963): View->render(NULL, NULL)
#12 /var/www/html/uganda_staging/lib/Cake/Routing/Dispatcher.php(200): Controller->render()
#13 /var/www/html/uganda_staging/lib/Cake/Routing/Dispatcher.php(167): Dispatcher->_invoke(Object(PrisonersController), Object(CakeRequest))
#14 /var/www/html/uganda_staging/app/webroot/index.php(111): Dispatcher->dispatch(Object(CakeRequest), Object(CakeResponse))
#15 {main}
2019-02-19 16:32:06 Error: [MissingControllerException] Controller class ThemeController could not be found.
Exception Attributes: array (
  'class' => 'ThemeController',
  'plugin' => NULL,
)
Request URL: /uganda_staging/theme/js/lightbox-plus-jquery.min.map
Stack Trace:
#0 /var/www/html/uganda_staging/app/webroot/index.php(111): Dispatcher->dispatch(Object(CakeRequest), Object(CakeResponse))
#1 {main}
2019-02-19 16:32:07 Error: [PDOException] SQLSTATE[42S22]: Column not found: 1054 Unknown column 'ReturnFromCourt.case_file_no' in 'where clause'
Request URL: /uganda_staging/prisoners/appealAjax/prisoner_id:440/puuid:d00c499f-2515-11e9-980a-941882087e06/editPrisoner:0
Stack Trace:
#0 /var/www/html/uganda_staging/lib/Cake/Model/Datasource/DboSource.php(470): PDOStatement->execute(Array)
#1 /var/www/html/uganda_staging/lib/Cake/Model/Datasource/DboSource.php(436): DboSource->_execute('SELECT COUNT(*)...', Array)
#2 /var/www/html/uganda_staging/lib/Cake/Model/Datasource/DboSource.php(673): DboSource->execute('SELECT COUNT(*)...', Array, Array)
#3 /var/www/html/uganda_staging/lib/Cake/Model/Datasource/DboSource.php(1184): DboSource->fetchAll('SELECT COUNT(*)...', false)
#4 /var/www/html/uganda_staging/lib/Cake/Model/Model.php(3038): DboSource->read(Object(ReturnFromCourt), Array)
#5 /var/www/html/uganda_staging/lib/Cake/Model/Model.php(3010): Model->_readDataSource('count', Array)
#6 /var/www/html/uganda_staging/app/Controller/AppController.php(4976): Model->find('count', Array)
#7 /var/www/html/uganda_staging/app/View/Prisoners/appeal_ajax.ctp(139): AppController->checkAppealResult('137', '226')
#8 /var/www/html/uganda_staging/lib/Cake/View/View.php(971): include('/var/www/html/u...')
#9 /var/www/html/uganda_staging/lib/Cake/View/View.php(933): View->_evaluate('/var/www/html/u...', Array)
#10 /var/www/html/uganda_staging/lib/Cake/View/View.php(473): View->_render('/var/www/html/u...')
#11 /var/www/html/uganda_staging/lib/Cake/Controller/Controller.php(963): View->render(NULL, NULL)
#12 /var/www/html/uganda_staging/lib/Cake/Routing/Dispatcher.php(200): Controller->render()
#13 /var/www/html/uganda_staging/lib/Cake/Routing/Dispatcher.php(167): Dispatcher->_invoke(Object(PrisonersController), Object(CakeRequest))
#14 /var/www/html/uganda_staging/app/webroot/index.php(111): Dispatcher->dispatch(Object(CakeRequest), Object(CakeResponse))
#15 {main}
2019-02-19 16:32:47 Error: [MissingControllerException] Controller class ThemeController could not be found.
Exception Attributes: array (
  'class' => 'ThemeController',
  'plugin' => NULL,
)
Request URL: /uganda_staging/theme/js/lightbox-plus-jquery.min.map
Stack Trace:
#0 /var/www/html/uganda_staging/app/webroot/index.php(111): Dispatcher->dispatch(Object(CakeRequest), Object(CakeResponse))
#1 {main}
2019-02-19 16:33:05 Error: [MissingModelException] GatePass
Request URL: /uganda_staging/discharges/gatepassAjax/uuid:6115b3d6-e357-11e8-b7fd-941882087e06
Stack Trace:
#0 /var/www/html/uganda_staging/lib/Cake/Controller/Controller.php(1089): PaginatorComponent->paginate('GatePass', Array, Array)
#1 /var/www/html/uganda_staging/app/Controller/DischargesController.php(388): Controller->paginate('GatePass')
#2 [internal function]: DischargesController->gatepassAjax()
#3 /var/www/html/uganda_staging/lib/Cake/Controller/Controller.php(491): ReflectionMethod->invokeArgs(Object(DischargesController), Array)
#4 /var/www/html/uganda_staging/lib/Cake/Routing/Dispatcher.php(193): Controller->invokeAction(Object(CakeRequest))
#5 /var/www/html/uganda_staging/lib/Cake/Routing/Dispatcher.php(167): Dispatcher->_invoke(Object(DischargesController), Object(CakeRequest))
#6 /var/www/html/uganda_staging/app/webroot/index.php(111): Dispatcher->dispatch(Object(CakeRequest), Object(CakeResponse))
#7 {main}
2019-02-19 16:33:38 Error: [MissingControllerException] Controller class ThemeController could not be found.
Exception Attributes: array (
  'class' => 'ThemeController',
  'plugin' => NULL,
)
Request URL: /uganda_staging/theme/js/lightbox-plus-jquery.min.map
Stack Trace:
#0 /var/www/html/uganda_staging/app/webroot/index.php(111): Dispatcher->dispatch(Object(CakeRequest), Object(CakeResponse))
#1 {main}
2019-02-19 16:34:12 Error: [MissingControllerException] Controller class ThemeController could not be found.
Exception Attributes: array (
  'class' => 'ThemeController',
  'plugin' => NULL,
)
Request URL: /uganda_staging/theme/js/lightbox-plus-jquery.min.map
Stack Trace:
#0 /var/www/html/uganda_staging/app/webroot/index.php(111): Dispatcher->dispatch(Object(CakeRequest), Object(CakeResponse))
#1 {main}
2019-02-19 16:34:47 Error: [MissingControllerException] Controller class ThemeController could not be found.
Exception Attributes: array (
  'class' => 'ThemeController',
  'plugin' => NULL,
)
Request URL: /uganda_staging/theme/js/lightbox-plus-jquery.min.map
Stack Trace:
#0 /var/www/html/uganda_staging/app/webroot/index.php(111): Dispatcher->dispatch(Object(CakeRequest), Object(CakeResponse))
#1 {main}
2019-02-19 16:34:48 Error: [PDOException] SQLSTATE[42S22]: Column not found: 1054 Unknown column 'ReturnFromCourt.case_file_no' in 'where clause'
Request URL: /uganda_staging/prisoners/appealAjax/prisoner_id:440/puuid:d00c499f-2515-11e9-980a-941882087e06/editPrisoner:0
Stack Trace:
#0 /var/www/html/uganda_staging/lib/Cake/Model/Datasource/DboSource.php(470): PDOStatement->execute(Array)
#1 /var/www/html/uganda_staging/lib/Cake/Model/Datasource/DboSource.php(436): DboSource->_execute('SELECT COUNT(*)...', Array)
#2 /var/www/html/uganda_staging/lib/Cake/Model/Datasource/DboSource.php(673): DboSource->execute('SELECT COUNT(*)...', Array, Array)
#3 /var/www/html/uganda_staging/lib/Cake/Model/Datasource/DboSource.php(1184): DboSource->fetchAll('SELECT COUNT(*)...', false)
#4 /var/www/html/uganda_staging/lib/Cake/Model/Model.php(3038): DboSource->read(Object(ReturnFromCourt), Array)
#5 /var/www/html/uganda_staging/lib/Cake/Model/Model.php(3010): Model->_readDataSource('count', Array)
#6 /var/www/html/uganda_staging/app/Controller/AppController.php(4976): Model->find('count', Array)
#7 /var/www/html/uganda_staging/app/View/Prisoners/appeal_ajax.ctp(139): AppController->checkAppealResult('137', '226')
#8 /var/www/html/uganda_staging/lib/Cake/View/View.php(971): include('/var/www/html/u...')
#9 /var/www/html/uganda_staging/lib/Cake/View/View.php(933): View->_evaluate('/var/www/html/u...', Array)
#10 /var/www/html/uganda_staging/lib/Cake/View/View.php(473): View->_render('/var/www/html/u...')
#11 /var/www/html/uganda_staging/lib/Cake/Controller/Controller.php(963): View->render(NULL, NULL)
#12 /var/www/html/uganda_staging/lib/Cake/Routing/Dispatcher.php(200): Controller->render()
#13 /var/www/html/uganda_staging/lib/Cake/Routing/Dispatcher.php(167): Dispatcher->_invoke(Object(PrisonersController), Object(CakeRequest))
#14 /var/www/html/uganda_staging/app/webroot/index.php(111): Dispatcher->dispatch(Object(CakeRequest), Object(CakeResponse))
#15 {main}
2019-02-19 16:35:18 Error: [MissingControllerException] Controller class ThemeController could not be found.
Exception Attributes: array (
  'class' => 'ThemeController',
  'plugin' => NULL,
)
Request URL: /uganda_staging/theme/js/lightbox-plus-jquery.min.map
Stack Trace:
#0 /var/www/html/uganda_staging/app/webroot/index.php(111): Dispatcher->dispatch(Object(CakeRequest), Object(CakeResponse))
#1 {main}
2019-02-19 16:35:41 Error: [PDOException] SQLSTATE[42S22]: Column not found: 1054 Unknown column 'InPrisonPunishment.in_prison_offence_capture_id' in 'on clause'
Request URL: /uganda_staging/InPrisonOffenceCapture/indexAjax/prisoner_id:452/uuid:73872a05-3433-11e9-b55b-941882087e06
Stack Trace:
#0 /var/www/html/uganda_staging/lib/Cake/Model/Datasource/DboSource.php(470): PDOStatement->execute(Array)
#1 /var/www/html/uganda_staging/lib/Cake/Model/Datasource/DboSource.php(436): DboSource->_execute('SELECT `InPriso...', Array)
#2 /var/www/html/uganda_staging/lib/Cake/Model/Datasource/DboSource.php(673): DboSource->execute('SELECT `InPriso...', Array, Array)
#3 /var/www/html/uganda_staging/lib/Cake/Model/Datasource/DboSource.php(1184): DboSource->fetchAll('SELECT `InPriso...', false)
#4 /var/www/html/uganda_staging/lib/Cake/Model/Model.php(3038): DboSource->read(Object(InPrisonOffenceCapture), Array)
#5 /var/www/html/uganda_staging/lib/Cake/Model/Model.php(3010): Model->_readDataSource('all', Array)
#6 /var/www/html/uganda_staging/lib/Cake/Controller/Component/PaginatorComponent.php(196): Model->find('all', Array)
#7 /var/www/html/uganda_staging/lib/Cake/Controller/Controller.php(1089): PaginatorComponent->paginate('InPrisonOffence...', Array, Array)
#8 /var/www/html/uganda_staging/app/Controller/InPrisonOffenceCaptureController.php(643): Controller->paginate('InPrisonOffence...')
#9 [internal function]: InPrisonOffenceCaptureController->indexAjax()
#10 /var/www/html/uganda_staging/lib/Cake/Controller/Controller.php(491): ReflectionMethod->invokeArgs(Object(InPrisonOffenceCaptureController), Array)
#11 /var/www/html/uganda_staging/lib/Cake/Routing/Dispatcher.php(193): Controller->invokeAction(Object(CakeRequest))
#12 /var/www/html/uganda_staging/lib/Cake/Routing/Dispatcher.php(167): Dispatcher->_invoke(Object(InPrisonOffenceCaptureController), Object(CakeRequest))
#13 /var/www/html/uganda_staging/app/webroot/index.php(111): Dispatcher->dispatch(Object(CakeRequest), Object(CakeResponse))
#14 {main}
2019-02-19 16:35:49 Error: [MissingTableException] Table lodger_outs for model LodgerOut was not found in datasource default.
Exception Attributes: array (
  'table' => 'lodger_outs',
  'class' => 'LodgerOut',
  'ds' => 'default',
)
Request URL: /uganda_staging/Lodgers/lodgerOutAjax/prisoner_id:/status:Draft
Stack Trace:
#0 /var/www/html/uganda_staging/lib/Cake/Model/Model.php(3667): Model->setSource('lodger_outs')
#1 /var/www/html/uganda_staging/lib/Cake/Model/Model.php(1394): Model->getDataSource()
#2 /var/www/html/uganda_staging/lib/Cake/Model/Model.php(1490): Model->schema()
#3 /var/www/html/uganda_staging/lib/Cake/Controller/Component/PaginatorComponent.php(400): Model->hasField('modified1')
#4 /var/www/html/uganda_staging/lib/Cake/Controller/Component/PaginatorComponent.php(142): PaginatorComponent->validateSort(Object(LodgerOut), Array, Array)
#5 /var/www/html/uganda_staging/lib/Cake/Controller/Controller.php(1089): PaginatorComponent->paginate('LodgerOut', Array, Array)
#6 /var/www/html/uganda_staging/app/Controller/LodgersController.php(466): Controller->paginate('LodgerOut')
#7 [internal function]: LodgersController->lodgerOutAjax()
#8 /var/www/html/uganda_staging/lib/Cake/Controller/Controller.php(491): ReflectionMethod->invokeArgs(Object(LodgersController), Array)
#9 /var/www/html/uganda_staging/lib/Cake/Routing/Dispatcher.php(193): Controller->invokeAction(Object(CakeRequest))
#10 /var/www/html/uganda_staging/lib/Cake/Routing/Dispatcher.php(167): Dispatcher->_invoke(Object(LodgersController), Object(CakeRequest))
#11 /var/www/html/uganda_staging/app/webroot/index.php(111): Dispatcher->dispatch(Object(CakeRequest), Object(CakeResponse))
#12 {main}
2019-02-19 16:35:50 Error: [MissingTableException] Table lodger_outs for model LodgerOut was not found in datasource default.
Exception Attributes: array (
  'table' => 'lodger_outs',
  'class' => 'LodgerOut',
  'ds' => 'default',
)
Request URL: /uganda_staging/Lodgers/lodgerOutAdd
Stack Trace:
#0 /var/www/html/uganda_staging/lib/Cake/Model/Model.php(3667): Model->setSource('lodger_outs')
#1 /var/www/html/uganda_staging/lib/Cake/Model/Model.php(3038): Model->getDataSource()
#2 /var/www/html/uganda_staging/lib/Cake/Model/Model.php(3010): Model->_readDataSource('list', Array)
#3 /var/www/html/uganda_staging/app/Controller/LodgersController.php(727): Model->find('list', Array)
#4 [internal function]: LodgersController->lodgerOutAdd()
#5 /var/www/html/uganda_staging/lib/Cake/Controller/Controller.php(491): ReflectionMethod->invokeArgs(Object(LodgersController), Array)
#6 /var/www/html/uganda_staging/lib/Cake/Routing/Dispatcher.php(193): Controller->invokeAction(Object(CakeRequest))
#7 /var/www/html/uganda_staging/lib/Cake/Routing/Dispatcher.php(167): Dispatcher->_invoke(Object(LodgersController), Object(CakeRequest))
#8 /var/www/html/uganda_staging/app/webroot/index.php(111): Dispatcher->dispatch(Object(CakeRequest), Object(CakeResponse))
#9 {main}
2019-02-19 16:39:29 Error: [MissingControllerException] Controller class ThemeController could not be found.
Exception Attributes: array (
  'class' => 'ThemeController',
  'plugin' => NULL,
)
Request URL: /uganda_staging/theme/js/lightbox-plus-jquery.min.map
Stack Trace:
#0 /var/www/html/uganda_staging/app/webroot/index.php(111): Dispatcher->dispatch(Object(CakeRequest), Object(CakeResponse))
#1 {main}
2019-02-19 16:40:47 Error: Fatal Error (4): syntax error, unexpected 'else' (T_ELSE), expecting function (T_FUNCTION) in [/var/www/html/uganda_staging/app/Controller/VisitorsController.php, line 1141]
2019-02-19 16:40:47 Error: [FatalErrorException] syntax error, unexpected 'else' (T_ELSE), expecting function (T_FUNCTION)
Request URL: /uganda_staging/visitors/add
Stack Trace:
#0 /var/www/html/uganda_staging/lib/Cake/Error/ErrorHandler.php(212): ErrorHandler::handleFatalError(4, 'syntax error, u...', '/var/www/html/u...', 1141)
#1 [internal function]: ErrorHandler::handleError(4, 'syntax error, u...', '/var/www/html/u...', 1141, Array)
#2 /var/www/html/uganda_staging/lib/Cake/Core/App.php(970): call_user_func('ErrorHandler::h...', 4, 'syntax error, u...', '/var/www/html/u...', 1141, Array)
#3 /var/www/html/uganda_staging/lib/Cake/Core/App.php(943): App::_checkFatalError()
#4 [internal function]: App::shutdown()
#5 {main}
2019-02-19 16:41:02 Error: [MissingControllerException] Controller class ThemeController could not be found.
Exception Attributes: array (
  'class' => 'ThemeController',
  'plugin' => NULL,
)
Request URL: /uganda_staging/theme/js/lightbox-plus-jquery.min.map
Stack Trace:
#0 /var/www/html/uganda_staging/app/webroot/index.php(111): Dispatcher->dispatch(Object(CakeRequest), Object(CakeResponse))
#1 {main}
2019-02-19 16:45:47 Error: [MissingControllerException] Controller class ThemeController could not be found.
Exception Attributes: array (
  'class' => 'ThemeController',
  'plugin' => NULL,
)
Request URL: /uganda_staging/theme/js/lightbox-plus-jquery.min.map
Stack Trace:
#0 /var/www/html/uganda_staging/app/webroot/index.php(111): Dispatcher->dispatch(Object(CakeRequest), Object(CakeResponse))
#1 {main}
2019-02-19 16:46:01 Error: [MissingControllerException] Controller class ThemeController could not be found.
Exception Attributes: array (
  'class' => 'ThemeController',
  'plugin' => NULL,
)
Request URL: /uganda_staging/theme/js/lightbox-plus-jquery.min.map
Stack Trace:
#0 /var/www/html/uganda_staging/app/webroot/index.php(111): Dispatcher->dispatch(Object(CakeRequest), Object(CakeResponse))
#1 {main}
2019-02-19 16:50:49 Error: [MissingControllerException] Controller class ThemeController could not be found.
Exception Attributes: array (
  'class' => 'ThemeController',
  'plugin' => NULL,
)
Request URL: /uganda_staging/theme/js/lightbox-plus-jquery.min.map
Stack Trace:
#0 /var/www/html/uganda_staging/app/webroot/index.php(111): Dispatcher->dispatch(Object(CakeRequest), Object(CakeResponse))
#1 {main}
2019-02-19 16:55:23 Error: [MissingControllerException] Controller class ThemeController could not be found.
Exception Attributes: array (
  'class' => 'ThemeController',
  'plugin' => NULL,
)
Request URL: /uganda_staging/theme/js/lightbox-plus-jquery.min.map
Stack Trace:
#0 /var/www/html/uganda_staging/app/webroot/index.php(111): Dispatcher->dispatch(Object(CakeRequest), Object(CakeResponse))
#1 {main}
2019-02-19 16:57:06 Error: [MissingControllerException] Controller class ThemeController could not be found.
Exception Attributes: array (
  'class' => 'ThemeController',
  'plugin' => NULL,
)
Request URL: /uganda_staging/theme/js/lightbox-plus-jquery.min.map
Stack Trace:
#0 /var/www/html/uganda_staging/app/webroot/index.php(111): Dispatcher->dispatch(Object(CakeRequest), Object(CakeResponse))
#1 {main}
2019-02-19 16:57:47 Error: [MissingControllerException] Controller class ThemeController could not be found.
Exception Attributes: array (
  'class' => 'ThemeController',
  'plugin' => NULL,
)
Request URL: /uganda_staging/theme/js/lightbox-plus-jquery.min.map
Stack Trace:
#0 /var/www/html/uganda_staging/app/webroot/index.php(111): Dispatcher->dispatch(Object(CakeRequest), Object(CakeResponse))
#1 {main}
2019-02-19 16:59:26 Error: [MissingControllerException] Controller class ThemeController could not be found.
Exception Attributes: array (
  'class' => 'ThemeController',
  'plugin' => NULL,
)
Request URL: /uganda_staging/theme/js/lightbox-plus-jquery.min.map
Stack Trace:
#0 /var/www/html/uganda_staging/app/webroot/index.php(111): Dispatcher->dispatch(Object(CakeRequest), Object(CakeResponse))
#1 {main}
2019-02-19 17:00:35 Error: [MissingControllerException] Controller class ThemeController could not be found.
Exception Attributes: array (
  'class' => 'ThemeController',
  'plugin' => NULL,
)
Request URL: /uganda_staging/theme/js/lightbox-plus-jquery.min.map
Stack Trace:
#0 /var/www/html/uganda_staging/app/webroot/index.php(111): Dispatcher->dispatch(Object(CakeRequest), Object(CakeResponse))
#1 {main}
2019-02-19 17:00:46 Error: Fatal Error (4): syntax error, unexpected '{' in [/var/www/html/uganda_staging/app/Controller/VisitorsController.php, line 837]
2019-02-19 17:00:46 Error: [FatalErrorException] syntax error, unexpected '{'
Request URL: /uganda_staging/visitors/add
Stack Trace:
#0 /var/www/html/uganda_staging/lib/Cake/Error/ErrorHandler.php(212): ErrorHandler::handleFatalError(4, 'syntax error, u...', '/var/www/html/u...', 837)
#1 [internal function]: ErrorHandler::handleError(4, 'syntax error, u...', '/var/www/html/u...', 837, Array)
#2 /var/www/html/uganda_staging/lib/Cake/Core/App.php(970): call_user_func('ErrorHandler::h...', 4, 'syntax error, u...', '/var/www/html/u...', 837, Array)
#3 /var/www/html/uganda_staging/lib/Cake/Core/App.php(943): App::_checkFatalError()
#4 [internal function]: App::shutdown()
#5 {main}
2019-02-19 17:01:08 Error: Fatal Error (4): syntax error, unexpected 'if' (T_IF), expecting function (T_FUNCTION) in [/var/www/html/uganda_staging/app/Controller/VisitorsController.php, line 906]
2019-02-19 17:01:08 Error: [FatalErrorException] syntax error, unexpected 'if' (T_IF), expecting function (T_FUNCTION)
Request URL: /uganda_staging/visitors/add
Stack Trace:
#0 /var/www/html/uganda_staging/lib/Cake/Error/ErrorHandler.php(212): ErrorHandler::handleFatalError(4, 'syntax error, u...', '/var/www/html/u...', 906)
#1 [internal function]: ErrorHandler::handleError(4, 'syntax error, u...', '/var/www/html/u...', 906, Array)
#2 /var/www/html/uganda_staging/lib/Cake/Core/App.php(970): call_user_func('ErrorHandler::h...', 4, 'syntax error, u...', '/var/www/html/u...', 906, Array)
#3 /var/www/html/uganda_staging/lib/Cake/Core/App.php(943): App::_checkFatalError()
#4 [internal function]: App::shutdown()
#5 {main}
2019-02-19 17:01:38 Error: [MissingControllerException] Controller class ThemeController could not be found.
Exception Attributes: array (
  'class' => 'ThemeController',
  'plugin' => NULL,
)
Request URL: /uganda_staging/theme/js/lightbox-plus-jquery.min.map
Stack Trace:
#0 /var/www/html/uganda_staging/app/webroot/index.php(111): Dispatcher->dispatch(Object(CakeRequest), Object(CakeResponse))
#1 {main}
2019-02-19 17:02:20 Error: [MissingControllerException] Controller class ThemeController could not be found.
Exception Attributes: array (
  'class' => 'ThemeController',
  'plugin' => NULL,
)
Request URL: /uganda_staging/theme/js/lightbox-plus-jquery.min.map
Stack Trace:
#0 /var/www/html/uganda_staging/app/webroot/index.php(111): Dispatcher->dispatch(Object(CakeRequest), Object(CakeResponse))
#1 {main}
2019-02-19 17:02:21 Error: [PDOException] SQLSTATE[42S22]: Column not found: 1054 Unknown column 'ReturnFromCourt1.offence_id' in 'where clause'
Request URL: /uganda_staging/prisoners/appealAjax/prisoner_id:440/puuid:d00c499f-2515-11e9-980a-941882087e06/editPrisoner:0
Stack Trace:
#0 /var/www/html/uganda_staging/lib/Cake/Model/Datasource/DboSource.php(470): PDOStatement->execute(Array)
#1 /var/www/html/uganda_staging/lib/Cake/Model/Datasource/DboSource.php(436): DboSource->_execute('SELECT `ReturnF...', Array)
#2 /var/www/html/uganda_staging/lib/Cake/Model/Datasource/DboSource.php(673): DboSource->execute('SELECT `ReturnF...', Array, Array)
#3 /var/www/html/uganda_staging/lib/Cake/Model/Datasource/DboSource.php(1184): DboSource->fetchAll('SELECT `ReturnF...', false)
#4 /var/www/html/uganda_staging/lib/Cake/Model/Model.php(3038): DboSource->read(Object(ReturnFromCourt), Array)
#5 /var/www/html/uganda_staging/lib/Cake/Model/Model.php(3010): Model->_readDataSource('first', Array)
#6 /var/www/html/uganda_staging/lib/Cake/Model/Model.php(1666): Model->find('first', Array)
#7 /var/www/html/uganda_staging/app/Controller/AppController.php(4974): Model->field('id', Array)
#8 /var/www/html/uganda_staging/app/View/Prisoners/appeal_ajax.ctp(122): AppController->checkAppealResult('137', '226')
#9 /var/www/html/uganda_staging/lib/Cake/View/View.php(971): include('/var/www/html/u...')
#10 /var/www/html/uganda_staging/lib/Cake/View/View.php(933): View->_evaluate('/var/www/html/u...', Array)
#11 /var/www/html/uganda_staging/lib/Cake/View/View.php(473): View->_render('/var/www/html/u...')
#12 /var/www/html/uganda_staging/lib/Cake/Controller/Controller.php(963): View->render(NULL, NULL)
#13 /var/www/html/uganda_staging/lib/Cake/Routing/Dispatcher.php(200): Controller->render()
#14 /var/www/html/uganda_staging/lib/Cake/Routing/Dispatcher.php(167): Dispatcher->_invoke(Object(PrisonersController), Object(CakeRequest))
#15 /var/www/html/uganda_staging/app/webroot/index.php(111): Dispatcher->dispatch(Object(CakeRequest), Object(CakeResponse))
#16 {main}
2019-02-19 17:02:22 Error: Fatal Error (4): syntax error, unexpected 'if' (T_IF), expecting function (T_FUNCTION) in [/var/www/html/uganda_staging/app/Controller/VisitorsController.php, line 906]
2019-02-19 17:02:22 Error: [FatalErrorException] syntax error, unexpected 'if' (T_IF), expecting function (T_FUNCTION)
Request URL: /uganda_staging/visitors/add
Stack Trace:
#0 /var/www/html/uganda_staging/lib/Cake/Error/ErrorHandler.php(212): ErrorHandler::handleFatalError(4, 'syntax error, u...', '/var/www/html/u...', 906)
#1 [internal function]: ErrorHandler::handleError(4, 'syntax error, u...', '/var/www/html/u...', 906, Array)
#2 /var/www/html/uganda_staging/lib/Cake/Core/App.php(970): call_user_func('ErrorHandler::h...', 4, 'syntax error, u...', '/var/www/html/u...', 906, Array)
#3 /var/www/html/uganda_staging/lib/Cake/Core/App.php(943): App::_checkFatalError()
#4 [internal function]: App::shutdown()
#5 {main}
2019-02-19 17:02:22 Error: [PDOException] SQLSTATE[42S22]: Column not found: 1054 Unknown column 'ReturnFromCourt1.offence_id' in 'where clause'
Request URL: /uganda_staging/prisoners/appealAjax/prisoner_id:440/puuid:d00c499f-2515-11e9-980a-941882087e06/editPrisoner:0
Stack Trace:
#0 /var/www/html/uganda_staging/lib/Cake/Model/Datasource/DboSource.php(470): PDOStatement->execute(Array)
#1 /var/www/html/uganda_staging/lib/Cake/Model/Datasource/DboSource.php(436): DboSource->_execute('SELECT `ReturnF...', Array)
#2 /var/www/html/uganda_staging/lib/Cake/Model/Datasource/DboSource.php(673): DboSource->execute('SELECT `ReturnF...', Array, Array)
#3 /var/www/html/uganda_staging/lib/Cake/Model/Datasource/DboSource.php(1184): DboSource->fetchAll('SELECT `ReturnF...', false)
#4 /var/www/html/uganda_staging/lib/Cake/Model/Model.php(3038): DboSource->read(Object(ReturnFromCourt), Array)
#5 /var/www/html/uganda_staging/lib/Cake/Model/Model.php(3010): Model->_readDataSource('first', Array)
#6 /var/www/html/uganda_staging/lib/Cake/Model/Model.php(1666): Model->find('first', Array)
#7 /var/www/html/uganda_staging/app/Controller/AppController.php(4974): Model->field('id', Array)
#8 /var/www/html/uganda_staging/app/View/Prisoners/appeal_ajax.ctp(122): AppController->checkAppealResult('137', '226')
#9 /var/www/html/uganda_staging/lib/Cake/View/View.php(971): include('/var/www/html/u...')
#10 /var/www/html/uganda_staging/lib/Cake/View/View.php(933): View->_evaluate('/var/www/html/u...', Array)
#11 /var/www/html/uganda_staging/lib/Cake/View/View.php(473): View->_render('/var/www/html/u...')
#12 /var/www/html/uganda_staging/lib/Cake/Controller/Controller.php(963): View->render(NULL, NULL)
#13 /var/www/html/uganda_staging/lib/Cake/Routing/Dispatcher.php(200): Controller->render()
#14 /var/www/html/uganda_staging/lib/Cake/Routing/Dispatcher.php(167): Dispatcher->_invoke(Object(PrisonersController), Object(CakeRequest))
#15 /var/www/html/uganda_staging/app/webroot/index.php(111): Dispatcher->dispatch(Object(CakeRequest), Object(CakeResponse))
#16 {main}
2019-02-19 17:08:01 Error: Fatal Error (1): Call to undefined function checkIfAllowedToVisitBackendCheck() in [/var/www/html/uganda_staging/app/Controller/VisitorsController.php, line 851]
2019-02-19 17:08:01 Error: [FatalErrorException] Call to undefined function checkIfAllowedToVisitBackendCheck()
Request URL: /uganda_staging/visitors/add
Stack Trace:
#0 /var/www/html/uganda_staging/lib/Cake/Error/ErrorHandler.php(212): ErrorHandler::handleFatalError(1, 'Call to undefin...', '/var/www/html/u...', 851)
#1 [internal function]: ErrorHandler::handleError(1, 'Call to undefin...', '/var/www/html/u...', 851, Array)
#2 /var/www/html/uganda_staging/lib/Cake/Core/App.php(970): call_user_func('ErrorHandler::h...', 1, 'Call to undefin...', '/var/www/html/u...', 851, Array)
#3 /var/www/html/uganda_staging/lib/Cake/Core/App.php(943): App::_checkFatalError()
#4 [internal function]: App::shutdown()
#5 {main}
2019-02-19 17:10:26 Error: [PDOException] SQLSTATE[42S22]: Column not found: 1054 Unknown column 'ReturnFromCourt1.offence_id' in 'where clause'
Request URL: /uganda_staging/prisoners/appealAjax/prisoner_id:440/puuid:d00c499f-2515-11e9-980a-941882087e06/editPrisoner:0
Stack Trace:
#0 /var/www/html/uganda_staging/lib/Cake/Model/Datasource/DboSource.php(470): PDOStatement->execute(Array)
#1 /var/www/html/uganda_staging/lib/Cake/Model/Datasource/DboSource.php(436): DboSource->_execute('SELECT `ReturnF...', Array)
#2 /var/www/html/uganda_staging/lib/Cake/Model/Datasource/DboSource.php(673): DboSource->execute('SELECT `ReturnF...', Array, Array)
#3 /var/www/html/uganda_staging/lib/Cake/Model/Datasource/DboSource.php(1184): DboSource->fetchAll('SELECT `ReturnF...', false)
#4 /var/www/html/uganda_staging/lib/Cake/Model/Model.php(3038): DboSource->read(Object(ReturnFromCourt), Array)
#5 /var/www/html/uganda_staging/lib/Cake/Model/Model.php(3010): Model->_readDataSource('first', Array)
#6 /var/www/html/uganda_staging/lib/Cake/Model/Model.php(1666): Model->find('first', Array)
#7 /var/www/html/uganda_staging/app/Controller/AppController.php(4974): Model->field('id', Array)
#8 /var/www/html/uganda_staging/app/View/Prisoners/appeal_ajax.ctp(122): AppController->checkAppealResult('137', '226')
#9 /var/www/html/uganda_staging/lib/Cake/View/View.php(971): include('/var/www/html/u...')
#10 /var/www/html/uganda_staging/lib/Cake/View/View.php(933): View->_evaluate('/var/www/html/u...', Array)
#11 /var/www/html/uganda_staging/lib/Cake/View/View.php(473): View->_render('/var/www/html/u...')
#12 /var/www/html/uganda_staging/lib/Cake/Controller/Controller.php(963): View->render(NULL, NULL)
#13 /var/www/html/uganda_staging/lib/Cake/Routing/Dispatcher.php(200): Controller->render()
#14 /var/www/html/uganda_staging/lib/Cake/Routing/Dispatcher.php(167): Dispatcher->_invoke(Object(PrisonersController), Object(CakeRequest))
#15 /var/www/html/uganda_staging/app/webroot/index.php(111): Dispatcher->dispatch(Object(CakeRequest), Object(CakeResponse))
#16 {main}
2019-02-19 17:10:27 Error: [PDOException] SQLSTATE[42S22]: Column not found: 1054 Unknown column 'ReturnFromCourt1.offence_id' in 'where clause'
Request URL: /uganda_staging/prisoners/appealAjax/prisoner_id:440/puuid:d00c499f-2515-11e9-980a-941882087e06/editPrisoner:0
Stack Trace:
#0 /var/www/html/uganda_staging/lib/Cake/Model/Datasource/DboSource.php(470): PDOStatement->execute(Array)
#1 /var/www/html/uganda_staging/lib/Cake/Model/Datasource/DboSource.php(436): DboSource->_execute('SELECT `ReturnF...', Array)
#2 /var/www/html/uganda_staging/lib/Cake/Model/Datasource/DboSource.php(673): DboSource->execute('SELECT `ReturnF...', Array, Array)
#3 /var/www/html/uganda_staging/lib/Cake/Model/Datasource/DboSource.php(1184): DboSource->fetchAll('SELECT `ReturnF...', false)
#4 /var/www/html/uganda_staging/lib/Cake/Model/Model.php(3038): DboSource->read(Object(ReturnFromCourt), Array)
#5 /var/www/html/uganda_staging/lib/Cake/Model/Model.php(3010): Model->_readDataSource('first', Array)
#6 /var/www/html/uganda_staging/lib/Cake/Model/Model.php(1666): Model->find('first', Array)
#7 /var/www/html/uganda_staging/app/Controller/AppController.php(4974): Model->field('id', Array)
#8 /var/www/html/uganda_staging/app/View/Prisoners/appeal_ajax.ctp(122): AppController->checkAppealResult('137', '226')
#9 /var/www/html/uganda_staging/lib/Cake/View/View.php(971): include('/var/www/html/u...')
#10 /var/www/html/uganda_staging/lib/Cake/View/View.php(933): View->_evaluate('/var/www/html/u...', Array)
#11 /var/www/html/uganda_staging/lib/Cake/View/View.php(473): View->_render('/var/www/html/u...')
#12 /var/www/html/uganda_staging/lib/Cake/Controller/Controller.php(963): View->render(NULL, NULL)
#13 /var/www/html/uganda_staging/lib/Cake/Routing/Dispatcher.php(200): Controller->render()
#14 /var/www/html/uganda_staging/lib/Cake/Routing/Dispatcher.php(167): Dispatcher->_invoke(Object(PrisonersController), Object(CakeRequest))
#15 /var/www/html/uganda_staging/app/webroot/index.php(111): Dispatcher->dispatch(Object(CakeRequest), Object(CakeResponse))
#16 {main}
2019-02-19 17:10:58 Error: [MissingControllerException] Controller class ThemeController could not be found.
Exception Attributes: array (
  'class' => 'ThemeController',
  'plugin' => NULL,
)
Request URL: /uganda_staging/theme/js/lightbox-plus-jquery.min.map
Stack Trace:
#0 /var/www/html/uganda_staging/app/webroot/index.php(111): Dispatcher->dispatch(Object(CakeRequest), Object(CakeResponse))
#1 {main}
2019-02-19 17:11:01 Error: [PDOException] SQLSTATE[42S22]: Column not found: 1054 Unknown column 'ReturnFromCourt1.offence_id' in 'where clause'
Request URL: /uganda_staging/prisoners/appealAjax/prisoner_id:440/puuid:d00c499f-2515-11e9-980a-941882087e06/editPrisoner:0
Stack Trace:
#0 /var/www/html/uganda_staging/lib/Cake/Model/Datasource/DboSource.php(470): PDOStatement->execute(Array)
#1 /var/www/html/uganda_staging/lib/Cake/Model/Datasource/DboSource.php(436): DboSource->_execute('SELECT `ReturnF...', Array)
#2 /var/www/html/uganda_staging/lib/Cake/Model/Datasource/DboSource.php(673): DboSource->execute('SELECT `ReturnF...', Array, Array)
#3 /var/www/html/uganda_staging/lib/Cake/Model/Datasource/DboSource.php(1184): DboSource->fetchAll('SELECT `ReturnF...', false)
#4 /var/www/html/uganda_staging/lib/Cake/Model/Model.php(3038): DboSource->read(Object(ReturnFromCourt), Array)
#5 /var/www/html/uganda_staging/lib/Cake/Model/Model.php(3010): Model->_readDataSource('first', Array)
#6 /var/www/html/uganda_staging/lib/Cake/Model/Model.php(1666): Model->find('first', Array)
#7 /var/www/html/uganda_staging/app/Controller/AppController.php(4974): Model->field('id', Array)
#8 /var/www/html/uganda_staging/app/View/Prisoners/appeal_ajax.ctp(122): AppController->checkAppealResult('137', '226')
#9 /var/www/html/uganda_staging/lib/Cake/View/View.php(971): include('/var/www/html/u...')
#10 /var/www/html/uganda_staging/lib/Cake/View/View.php(933): View->_evaluate('/var/www/html/u...', Array)
#11 /var/www/html/uganda_staging/lib/Cake/View/View.php(473): View->_render('/var/www/html/u...')
#12 /var/www/html/uganda_staging/lib/Cake/Controller/Controller.php(963): View->render(NULL, NULL)
#13 /var/www/html/uganda_staging/lib/Cake/Routing/Dispatcher.php(200): Controller->render()
#14 /var/www/html/uganda_staging/lib/Cake/Routing/Dispatcher.php(167): Dispatcher->_invoke(Object(PrisonersController), Object(CakeRequest))
#15 /var/www/html/uganda_staging/app/webroot/index.php(111): Dispatcher->dispatch(Object(CakeRequest), Object(CakeResponse))
#16 {main}
2019-02-19 17:18:43 Error: [MissingControllerException] Controller class ThemeController could not be found.
Exception Attributes: array (
  'class' => 'ThemeController',
  'plugin' => NULL,
)
Request URL: /uganda_staging/theme/js/lightbox-plus-jquery.min.map
Stack Trace:
#0 /var/www/html/uganda_staging/app/webroot/index.php(111): Dispatcher->dispatch(Object(CakeRequest), Object(CakeResponse))
#1 {main}
2019-02-19 17:21:41 Error: [MissingControllerException] Controller class ThemeController could not be found.
Exception Attributes: array (
  'class' => 'ThemeController',
  'plugin' => NULL,
)
Request URL: /uganda_staging/theme/js/lightbox-plus-jquery.min.map
Stack Trace:
#0 /var/www/html/uganda_staging/app/webroot/index.php(111): Dispatcher->dispatch(Object(CakeRequest), Object(CakeResponse))
#1 {main}
2019-02-19 17:22:26 Error: [MissingControllerException] Controller class ThemeController could not be found.
Exception Attributes: array (
  'class' => 'ThemeController',
  'plugin' => NULL,
)
Request URL: /uganda_staging/theme/js/lightbox-plus-jquery.min.map
Stack Trace:
#0 /var/www/html/uganda_staging/app/webroot/index.php(111): Dispatcher->dispatch(Object(CakeRequest), Object(CakeResponse))
#1 {main}
2019-02-19 17:22:32 Error: [MissingControllerException] Controller class ThemeController could not be found.
Exception Attributes: array (
  'class' => 'ThemeController',
  'plugin' => NULL,
)
Request URL: /uganda_staging/theme/js/lightbox-plus-jquery.min.map
Stack Trace:
#0 /var/www/html/uganda_staging/app/webroot/index.php(111): Dispatcher->dispatch(Object(CakeRequest), Object(CakeResponse))
#1 {main}
2019-02-19 17:23:20 Error: [MissingControllerException] Controller class ThemeController could not be found.
Exception Attributes: array (
  'class' => 'ThemeController',
  'plugin' => NULL,
)
Request URL: /uganda_staging/theme/js/lightbox-plus-jquery.min.map
Stack Trace:
#0 /var/www/html/uganda_staging/app/webroot/index.php(111): Dispatcher->dispatch(Object(CakeRequest), Object(CakeResponse))
#1 {main}
2019-02-19 17:49:46 Error: [MissingControllerException] Controller class ThemeController could not be found.
Exception Attributes: array (
  'class' => 'ThemeController',
  'plugin' => NULL,
)
Request URL: /uganda_staging/theme/js/lightbox-plus-jquery.min.map
Stack Trace:
#0 /var/www/html/uganda_staging/app/webroot/index.php(111): Dispatcher->dispatch(Object(CakeRequest), Object(CakeResponse))
#1 {main}
2019-02-19 17:50:03 Error: [MissingControllerException] Controller class ThemeController could not be found.
Exception Attributes: array (
  'class' => 'ThemeController',
  'plugin' => NULL,
)
Request URL: /uganda_staging/theme/js/lightbox-plus-jquery.min.map
Stack Trace:
#0 /var/www/html/uganda_staging/app/webroot/index.php(111): Dispatcher->dispatch(Object(CakeRequest), Object(CakeResponse))
#1 {main}
2019-02-19 17:56:53 Error: [MissingControllerException] Controller class ThemeController could not be found.
Exception Attributes: array (
  'class' => 'ThemeController',
  'plugin' => NULL,
)
Request URL: /uganda_staging/theme/js/lightbox-plus-jquery.min.map
Stack Trace:
#0 /var/www/html/uganda_staging/app/webroot/index.php(111): Dispatcher->dispatch(Object(CakeRequest), Object(CakeResponse))
#1 {main}
2019-02-19 18:08:25 Error: [MissingControllerException] Controller class ThemeController could not be found.
Exception Attributes: array (
  'class' => 'ThemeController',
  'plugin' => NULL,
)
Request URL: /uganda_staging/theme/js/lightbox-plus-jquery.min.map
Stack Trace:
#0 /var/www/html/uganda_staging/app/webroot/index.php(111): Dispatcher->dispatch(Object(CakeRequest), Object(CakeResponse))
#1 {main}
2019-02-19 18:13:51 Error: [MissingControllerException] Controller class FilesController could not be found.
Exception Attributes: array (
  'class' => 'FilesController',
  'plugin' => NULL,
)
Request URL: /uganda_staging/files/prisnors/male.jpg
Stack Trace:
#0 /var/www/html/uganda_staging/app/webroot/index.php(111): Dispatcher->dispatch(Object(CakeRequest), Object(CakeResponse))
#1 {main}
2019-02-19 18:13:53 Error: [MissingControllerException] Controller class FilesController could not be found.
Exception Attributes: array (
  'class' => 'FilesController',
  'plugin' => NULL,
)
Request URL: /uganda_staging/files/prisnors/male.jpg
Stack Trace:
#0 /var/www/html/uganda_staging/app/webroot/index.php(111): Dispatcher->dispatch(Object(CakeRequest), Object(CakeResponse))
#1 {main}
2019-02-19 18:17:18 Error: [MissingControllerException] Controller class ThemeController could not be found.
Exception Attributes: array (
  'class' => 'ThemeController',
  'plugin' => NULL,
)
Request URL: /uganda_staging/theme/js/lightbox-plus-jquery.min.map
Stack Trace:
#0 /var/www/html/uganda_staging/app/webroot/index.php(111): Dispatcher->dispatch(Object(CakeRequest), Object(CakeResponse))
#1 {main}
2019-02-19 18:21:52 Error: [MissingControllerException] Controller class ThemeController could not be found.
Exception Attributes: array (
  'class' => 'ThemeController',
  'plugin' => NULL,
)
Request URL: /uganda_staging/theme/js/lightbox-plus-jquery.min.map
Stack Trace:
#0 /var/www/html/uganda_staging/app/webroot/index.php(111): Dispatcher->dispatch(Object(CakeRequest), Object(CakeResponse))
#1 {main}
2019-02-19 18:23:36 Error: [MissingControllerException] Controller class FilesController could not be found.
Exception Attributes: array (
  'class' => 'FilesController',
  'plugin' => NULL,
)
Request URL: /uganda_staging/files/prisnors/male.jpg
Stack Trace:
#0 /var/www/html/uganda_staging/app/webroot/index.php(111): Dispatcher->dispatch(Object(CakeRequest), Object(CakeResponse))
#1 {main}
2019-02-19 18:23:38 Error: [MissingActionException] Action AppController::webroot() could not be found.
Exception Attributes: array (
  'controller' => 'AppController',
  'action' => 'webroot',
)
Request URL: /uganda_staging/app/webroot/files/prisnors/profile_left_photo_1410161402_1549611855.jpg
Stack Trace:
#0 /var/www/html/uganda_staging/lib/Cake/Routing/Dispatcher.php(193): Controller->invokeAction(Object(CakeRequest))
#1 /var/www/html/uganda_staging/lib/Cake/Routing/Dispatcher.php(167): Dispatcher->_invoke(Object(AppController), Object(CakeRequest))
#2 /var/www/html/uganda_staging/app/webroot/index.php(111): Dispatcher->dispatch(Object(CakeRequest), Object(CakeResponse))
#3 {main}
2019-02-19 18:23:38 Error: [MissingActionException] Action AppController::webroot() could not be found.
Exception Attributes: array (
  'controller' => 'AppController',
  'action' => 'webroot',
)
Request URL: /uganda_staging/app/webroot/files/prisnors/profilephoto_765739894_1549611855.jpg
Stack Trace:
#0 /var/www/html/uganda_staging/lib/Cake/Routing/Dispatcher.php(193): Controller->invokeAction(Object(CakeRequest))
#1 /var/www/html/uganda_staging/lib/Cake/Routing/Dispatcher.php(167): Dispatcher->_invoke(Object(AppController), Object(CakeRequest))
#2 /var/www/html/uganda_staging/app/webroot/index.php(111): Dispatcher->dispatch(Object(CakeRequest), Object(CakeResponse))
#3 {main}
2019-02-19 18:23:38 Error: [MissingActionException] Action AppController::webroot() could not be found.
Exception Attributes: array (
  'controller' => 'AppController',
  'action' => 'webroot',
)
Request URL: /uganda_staging/app/webroot/files/prisnors/profile_right_photo_1159207040_1549611855.jpg
Stack Trace:
#0 /var/www/html/uganda_staging/lib/Cake/Routing/Dispatcher.php(193): Controller->invokeAction(Object(CakeRequest))
#1 /var/www/html/uganda_staging/lib/Cake/Routing/Dispatcher.php(167): Dispatcher->_invoke(Object(AppController), Object(CakeRequest))
#2 /var/www/html/uganda_staging/app/webroot/index.php(111): Dispatcher->dispatch(Object(CakeRequest), Object(CakeResponse))
#3 {main}
2019-02-19 18:23:40 Error: [MissingControllerException] Controller class FilesController could not be found.
Exception Attributes: array (
  'class' => 'FilesController',
  'plugin' => NULL,
)
Request URL: /uganda_staging/files/prisnors/male.jpg
Stack Trace:
#0 /var/www/html/uganda_staging/app/webroot/index.php(111): Dispatcher->dispatch(Object(CakeRequest), Object(CakeResponse))
#1 {main}
2019-02-19 18:24:10 Error: [MissingControllerException] Controller class ThemeController could not be found.
Exception Attributes: array (
  'class' => 'ThemeController',
  'plugin' => NULL,
)
Request URL: /uganda_staging/theme/js/lightbox-plus-jquery.min.map
Stack Trace:
#0 /var/www/html/uganda_staging/app/webroot/index.php(111): Dispatcher->dispatch(Object(CakeRequest), Object(CakeResponse))
#1 {main}
2019-02-19 18:24:55 Error: [MissingControllerException] Controller class ThemeController could not be found.
Exception Attributes: array (
  'class' => 'ThemeController',
  'plugin' => NULL,
)
Request URL: /uganda_staging/theme/js/lightbox-plus-jquery.min.map
Stack Trace:
#0 /var/www/html/uganda_staging/app/webroot/index.php(111): Dispatcher->dispatch(Object(CakeRequest), Object(CakeResponse))
#1 {main}
2019-02-19 18:34:42 Error: [MissingControllerException] Controller class ThemeController could not be found.
Exception Attributes: array (
  'class' => 'ThemeController',
  'plugin' => NULL,
)
Request URL: /uganda_staging/theme/js/lightbox-plus-jquery.min.map
Stack Trace:
#0 /var/www/html/uganda_staging/app/webroot/index.php(111): Dispatcher->dispatch(Object(CakeRequest), Object(CakeResponse))
#1 {main}
2019-02-19 18:34:52 Error: [MissingControllerException] Controller class ThemeController could not be found.
Exception Attributes: array (
  'class' => 'ThemeController',
  'plugin' => NULL,
)
Request URL: /uganda_staging/theme/js/lightbox-plus-jquery.min.map
Stack Trace:
#0 /var/www/html/uganda_staging/app/webroot/index.php(111): Dispatcher->dispatch(Object(CakeRequest), Object(CakeResponse))
#1 {main}
2019-02-19 18:37:09 Error: [MissingControllerException] Controller class ThemeController could not be found.
Exception Attributes: array (
  'class' => 'ThemeController',
  'plugin' => NULL,
)
Request URL: /uganda_staging/theme/js/lightbox-plus-jquery.min.map
Stack Trace:
#0 /var/www/html/uganda_staging/app/webroot/index.php(111): Dispatcher->dispatch(Object(CakeRequest), Object(CakeResponse))
#1 {main}
2019-02-19 18:37:18 Error: [MissingControllerException] Controller class ThemeController could not be found.
Exception Attributes: array (
  'class' => 'ThemeController',
  'plugin' => NULL,
)
Request URL: /uganda_staging/theme/js/lightbox-plus-jquery.min.map
Stack Trace:
#0 /var/www/html/uganda_staging/app/webroot/index.php(111): Dispatcher->dispatch(Object(CakeRequest), Object(CakeResponse))
#1 {main}
2019-02-19 19:28:19 Error: [MissingControllerException] Controller class FilesController could not be found.
Exception Attributes: array (
  'class' => 'FilesController',
  'plugin' => NULL,
)
Request URL: /uganda_staging/files/prisnors/male.jpg
Stack Trace:
#0 /var/www/html/uganda_staging/app/webroot/index.php(111): Dispatcher->dispatch(Object(CakeRequest), Object(CakeResponse))
#1 {main}
2019-02-19 19:28:42 Error: [MissingActionException] Action AppController::webroot() could not be found.
Exception Attributes: array (
  'controller' => 'AppController',
  'action' => 'webroot',
)
Request URL: /uganda_staging/app/webroot/files/prisnors/profilephoto_765739894_1549611855.jpg
Stack Trace:
#0 /var/www/html/uganda_staging/lib/Cake/Routing/Dispatcher.php(193): Controller->invokeAction(Object(CakeRequest))
#1 /var/www/html/uganda_staging/lib/Cake/Routing/Dispatcher.php(167): Dispatcher->_invoke(Object(AppController), Object(CakeRequest))
#2 /var/www/html/uganda_staging/app/webroot/index.php(111): Dispatcher->dispatch(Object(CakeRequest), Object(CakeResponse))
#3 {main}
2019-02-19 19:28:42 Error: [MissingActionException] Action AppController::webroot() could not be found.
Exception Attributes: array (
  'controller' => 'AppController',
  'action' => 'webroot',
)
Request URL: /uganda_staging/app/webroot/files/prisnors/profile_right_photo_1159207040_1549611855.jpg
Stack Trace:
#0 /var/www/html/uganda_staging/lib/Cake/Routing/Dispatcher.php(193): Controller->invokeAction(Object(CakeRequest))
#1 /var/www/html/uganda_staging/lib/Cake/Routing/Dispatcher.php(167): Dispatcher->_invoke(Object(AppController), Object(CakeRequest))
#2 /var/www/html/uganda_staging/app/webroot/index.php(111): Dispatcher->dispatch(Object(CakeRequest), Object(CakeResponse))
#3 {main}
2019-02-19 19:28:42 Error: [MissingActionException] Action AppController::webroot() could not be found.
Exception Attributes: array (
  'controller' => 'AppController',
  'action' => 'webroot',
)
Request URL: /uganda_staging/app/webroot/files/prisnors/profile_left_photo_1410161402_1549611855.jpg
Stack Trace:
#0 /var/www/html/uganda_staging/lib/Cake/Routing/Dispatcher.php(193): Controller->invokeAction(Object(CakeRequest))
#1 /var/www/html/uganda_staging/lib/Cake/Routing/Dispatcher.php(167): Dispatcher->_invoke(Object(AppController), Object(CakeRequest))
#2 /var/www/html/uganda_staging/app/webroot/index.php(111): Dispatcher->dispatch(Object(CakeRequest), Object(CakeResponse))
#3 {main}
2019-02-19 19:28:42 Error: [MissingActionException] Action AppController::webroot() could not be found.
Exception Attributes: array (
  'controller' => 'AppController',
  'action' => 'webroot',
)
Request URL: /uganda_staging/app/webroot/files/prisnors/profile_left_photo_1410161402_1549611855.jpg
Stack Trace:
#0 /var/www/html/uganda_staging/lib/Cake/Routing/Dispatcher.php(193): Controller->invokeAction(Object(CakeRequest))
#1 /var/www/html/uganda_staging/lib/Cake/Routing/Dispatcher.php(167): Dispatcher->_invoke(Object(AppController), Object(CakeRequest))
#2 /var/www/html/uganda_staging/app/webroot/index.php(111): Dispatcher->dispatch(Object(CakeRequest), Object(CakeResponse))
#3 {main}
2019-02-19 19:28:42 Error: [MissingActionException] Action AppController::webroot() could not be found.
Exception Attributes: array (
  'controller' => 'AppController',
  'action' => 'webroot',
)
Request URL: /uganda_staging/app/webroot/files/prisnors/profile_right_photo_1159207040_1549611855.jpg
Stack Trace:
#0 /var/www/html/uganda_staging/lib/Cake/Routing/Dispatcher.php(193): Controller->invokeAction(Object(CakeRequest))
#1 /var/www/html/uganda_staging/lib/Cake/Routing/Dispatcher.php(167): Dispatcher->_invoke(Object(AppController), Object(CakeRequest))
#2 /var/www/html/uganda_staging/app/webroot/index.php(111): Dispatcher->dispatch(Object(CakeRequest), Object(CakeResponse))
#3 {main}
2019-02-19 19:28:42 Error: [MissingActionException] Action AppController::webroot() could not be found.
Exception Attributes: array (
  'controller' => 'AppController',
  'action' => 'webroot',
)
Request URL: /uganda_staging/app/webroot/files/prisnors/profilephoto_765739894_1549611855.jpg
Stack Trace:
#0 /var/www/html/uganda_staging/lib/Cake/Routing/Dispatcher.php(193): Controller->invokeAction(Object(CakeRequest))
#1 /var/www/html/uganda_staging/lib/Cake/Routing/Dispatcher.php(167): Dispatcher->_invoke(Object(AppController), Object(CakeRequest))
#2 /var/www/html/uganda_staging/app/webroot/index.php(111): Dispatcher->dispatch(Object(CakeRequest), Object(CakeResponse))
#3 {main}
2019-02-19 19:28:44 Error: [MissingControllerException] Controller class FilesController could not be found.
Exception Attributes: array (
  'class' => 'FilesController',
  'plugin' => NULL,
)
Request URL: /uganda_staging/files/prisnors/male.jpg
Stack Trace:
#0 /var/www/html/uganda_staging/app/webroot/index.php(111): Dispatcher->dispatch(Object(CakeRequest), Object(CakeResponse))
#1 {main}
2019-02-20 10:34:22 Error: [MissingControllerException] Controller class ThemeController could not be found.
Exception Attributes: array (
  'class' => 'ThemeController',
  'plugin' => NULL,
)
Request URL: /uganda_staging/theme/js/lightbox-plus-jquery.min.map
Stack Trace:
#0 /var/www/html/uganda_staging/app/webroot/index.php(111): Dispatcher->dispatch(Object(CakeRequest), Object(CakeResponse))
#1 {main}
2019-02-20 10:34:41 Error: [MissingControllerException] Controller class ThemeController could not be found.
Exception Attributes: array (
  'class' => 'ThemeController',
  'plugin' => NULL,
)
Request URL: /uganda_staging/theme/js/lightbox-plus-jquery.min.map
Stack Trace:
#0 /var/www/html/uganda_staging/app/webroot/index.php(111): Dispatcher->dispatch(Object(CakeRequest), Object(CakeResponse))
#1 {main}
2019-02-20 10:35:48 Error: [MissingControllerException] Controller class ThemeController could not be found.
Exception Attributes: array (
  'class' => 'ThemeController',
  'plugin' => NULL,
)
Request URL: /uganda_staging/theme/js/lightbox-plus-jquery.min.map
Stack Trace:
#0 /var/www/html/uganda_staging/app/webroot/index.php(111): Dispatcher->dispatch(Object(CakeRequest), Object(CakeResponse))
#1 {main}
2019-02-20 10:37:31 Error: [MissingControllerException] Controller class ThemeController could not be found.
Exception Attributes: array (
  'class' => 'ThemeController',
  'plugin' => NULL,
)
Request URL: /uganda_staging/theme/js/lightbox-plus-jquery.min.map
Stack Trace:
#0 /var/www/html/uganda_staging/app/webroot/index.php(111): Dispatcher->dispatch(Object(CakeRequest), Object(CakeResponse))
#1 {main}
2019-02-20 10:38:08 Error: [MissingControllerException] Controller class ThemeController could not be found.
Exception Attributes: array (
  'class' => 'ThemeController',
  'plugin' => NULL,
)
Request URL: /uganda_staging/theme/js/lightbox-plus-jquery.min.map
Stack Trace:
#0 /var/www/html/uganda_staging/app/webroot/index.php(111): Dispatcher->dispatch(Object(CakeRequest), Object(CakeResponse))
#1 {main}
2019-02-20 10:43:58 Error: [MissingControllerException] Controller class ThemeController could not be found.
Exception Attributes: array (
  'class' => 'ThemeController',
  'plugin' => NULL,
)
Request URL: /uganda_staging/theme/js/lightbox-plus-jquery.min.map
Stack Trace:
#0 /var/www/html/uganda_staging/app/webroot/index.php(111): Dispatcher->dispatch(Object(CakeRequest), Object(CakeResponse))
#1 {main}
2019-02-20 10:44:30 Error: [MissingControllerException] Controller class ThemeController could not be found.
Exception Attributes: array (
  'class' => 'ThemeController',
  'plugin' => NULL,
)
Request URL: /uganda_staging/theme/js/lightbox-plus-jquery.min.map
Stack Trace:
#0 /var/www/html/uganda_staging/app/webroot/index.php(111): Dispatcher->dispatch(Object(CakeRequest), Object(CakeResponse))
#1 {main}
2019-02-20 10:44:43 Error: [MissingControllerException] Controller class ThemeController could not be found.
Exception Attributes: array (
  'class' => 'ThemeController',
  'plugin' => NULL,
)
Request URL: /uganda_staging/theme/js/lightbox-plus-jquery.min.map
Stack Trace:
#0 /var/www/html/uganda_staging/app/webroot/index.php(111): Dispatcher->dispatch(Object(CakeRequest), Object(CakeResponse))
#1 {main}
2019-02-20 10:45:25 Error: [MissingControllerException] Controller class ThemeController could not be found.
Exception Attributes: array (
  'class' => 'ThemeController',
  'plugin' => NULL,
)
Request URL: /uganda_staging/theme/js/lightbox-plus-jquery.min.map
Stack Trace:
#0 /var/www/html/uganda_staging/app/webroot/index.php(111): Dispatcher->dispatch(Object(CakeRequest), Object(CakeResponse))
#1 {main}
2019-02-20 10:46:05 Error: [MissingControllerException] Controller class ThemeController could not be found.
Exception Attributes: array (
  'class' => 'ThemeController',
  'plugin' => NULL,
)
Request URL: /uganda_staging/theme/js/lightbox-plus-jquery.min.map
Stack Trace:
#0 /var/www/html/uganda_staging/app/webroot/index.php(111): Dispatcher->dispatch(Object(CakeRequest), Object(CakeResponse))
#1 {main}
2019-02-20 10:47:42 Error: [MissingControllerException] Controller class ThemeController could not be found.
Exception Attributes: array (
  'class' => 'ThemeController',
  'plugin' => NULL,
)
Request URL: /uganda_staging/theme/js/lightbox-plus-jquery.min.map
Stack Trace:
#0 /var/www/html/uganda_staging/app/webroot/index.php(111): Dispatcher->dispatch(Object(CakeRequest), Object(CakeResponse))
#1 {main}
2019-02-20 11:07:23 Error: [MissingControllerException] Controller class ThemeController could not be found.
Exception Attributes: array (
  'class' => 'ThemeController',
  'plugin' => NULL,
)
Request URL: /uganda_staging/theme/js/lightbox-plus-jquery.min.map
Stack Trace:
#0 /var/www/html/uganda_staging/app/webroot/index.php(111): Dispatcher->dispatch(Object(CakeRequest), Object(CakeResponse))
#1 {main}
2019-02-20 11:08:02 Error: [MissingControllerException] Controller class ThemeController could not be found.
Exception Attributes: array (
  'class' => 'ThemeController',
  'plugin' => NULL,
)
Request URL: /uganda_staging/theme/js/lightbox-plus-jquery.min.map
Stack Trace:
#0 /var/www/html/uganda_staging/app/webroot/index.php(111): Dispatcher->dispatch(Object(CakeRequest), Object(CakeResponse))
#1 {main}
2019-02-20 11:08:06 Error: [MissingControllerException] Controller class ThemeController could not be found.
Exception Attributes: array (
  'class' => 'ThemeController',
  'plugin' => NULL,
)
Request URL: /uganda_staging/theme/js/lightbox-plus-jquery.min.map
Stack Trace:
#0 /var/www/html/uganda_staging/app/webroot/index.php(111): Dispatcher->dispatch(Object(CakeRequest), Object(CakeResponse))
#1 {main}
2019-02-20 11:17:09 Error: [MissingControllerException] Controller class ThemeController could not be found.
Exception Attributes: array (
  'class' => 'ThemeController',
  'plugin' => NULL,
)
Request URL: /uganda_staging/theme/js/lightbox-plus-jquery.min.map
Stack Trace:
#0 /var/www/html/uganda_staging/app/webroot/index.php(111): Dispatcher->dispatch(Object(CakeRequest), Object(CakeResponse))
#1 {main}
2019-02-20 11:17:56 Error: [MissingControllerException] Controller class ThemeController could not be found.
Exception Attributes: array (
  'class' => 'ThemeController',
  'plugin' => NULL,
)
Request URL: /uganda_staging/theme/js/lightbox-plus-jquery.min.map
Stack Trace:
#0 /var/www/html/uganda_staging/app/webroot/index.php(111): Dispatcher->dispatch(Object(CakeRequest), Object(CakeResponse))
#1 {main}
2019-02-20 11:19:21 Error: [MissingControllerException] Controller class ThemeController could not be found.
Exception Attributes: array (
  'class' => 'ThemeController',
  'plugin' => NULL,
)
Request URL: /uganda_staging/theme/js/lightbox-plus-jquery.min.map
Stack Trace:
#0 /var/www/html/uganda_staging/app/webroot/index.php(111): Dispatcher->dispatch(Object(CakeRequest), Object(CakeResponse))
#1 {main}
2019-02-20 11:20:04 Error: [MissingControllerException] Controller class ThemeController could not be found.
Exception Attributes: array (
  'class' => 'ThemeController',
  'plugin' => NULL,
)
Request URL: /uganda_staging/theme/js/lightbox-plus-jquery.min.map
Stack Trace:
#0 /var/www/html/uganda_staging/app/webroot/index.php(111): Dispatcher->dispatch(Object(CakeRequest), Object(CakeResponse))
#1 {main}
2019-02-20 11:20:31 Error: [MissingControllerException] Controller class ThemeController could not be found.
Exception Attributes: array (
  'class' => 'ThemeController',
  'plugin' => NULL,
)
Request URL: /uganda_staging/theme/js/lightbox-plus-jquery.min.map
Stack Trace:
#0 /var/www/html/uganda_staging/app/webroot/index.php(111): Dispatcher->dispatch(Object(CakeRequest), Object(CakeResponse))
#1 {main}
2019-02-20 11:21:19 Error: [MissingControllerException] Controller class ThemeController could not be found.
Exception Attributes: array (
  'class' => 'ThemeController',
  'plugin' => NULL,
)
Request URL: /uganda_staging/theme/js/lightbox-plus-jquery.min.map
Stack Trace:
#0 /var/www/html/uganda_staging/app/webroot/index.php(111): Dispatcher->dispatch(Object(CakeRequest), Object(CakeResponse))
#1 {main}
2019-02-20 11:22:14 Error: [MissingControllerException] Controller class ThemeController could not be found.
Exception Attributes: array (
  'class' => 'ThemeController',
  'plugin' => NULL,
)
Request URL: /uganda_staging/theme/js/lightbox-plus-jquery.min.map
Stack Trace:
#0 /var/www/html/uganda_staging/app/webroot/index.php(111): Dispatcher->dispatch(Object(CakeRequest), Object(CakeResponse))
#1 {main}
2019-02-20 11:33:21 Error: [PDOException] SQLSTATE[42S22]: Column not found: 1054 Unknown column 'Array' in 'field list'
Request URL: /uganda_staging/WardCells/add
Stack Trace:
#0 /var/www/html/uganda_staging/lib/Cake/Model/Datasource/DboSource.php(470): PDOStatement->execute(Array)
#1 /var/www/html/uganda_staging/lib/Cake/Model/Datasource/DboSource.php(436): DboSource->_execute('INSERT INTO `ug...', Array)
#2 /var/www/html/uganda_staging/lib/Cake/Model/Datasource/DboSource.php(1090): DboSource->execute('INSERT INTO `ug...')
#3 /var/www/html/uganda_staging/lib/Cake/Model/Model.php(1940): DboSource->create(Object(WardCell), Array, Array)
#4 /var/www/html/uganda_staging/lib/Cake/Model/Model.php(1752): Model->_doSave(Array, Array)
#5 /var/www/html/uganda_staging/lib/Cake/Model/Model.php(2513): Model->save(Array, Array)
#6 /var/www/html/uganda_staging/lib/Cake/Model/Model.php(2285): Model->saveAssociated(Array, Array)
#7 /var/www/html/uganda_staging/app/Controller/WardCellsController.php(113): Model->saveAll(Array)
#8 [internal function]: WardCellsController->add()
#9 /var/www/html/uganda_staging/lib/Cake/Controller/Controller.php(491): ReflectionMethod->invokeArgs(Object(WardCellsController), Array)
#10 /var/www/html/uganda_staging/lib/Cake/Routing/Dispatcher.php(193): Controller->invokeAction(Object(CakeRequest))
#11 /var/www/html/uganda_staging/lib/Cake/Routing/Dispatcher.php(167): Dispatcher->_invoke(Object(WardCellsController), Object(CakeRequest))
#12 /var/www/html/uganda_staging/app/webroot/index.php(111): Dispatcher->dispatch(Object(CakeRequest), Object(CakeResponse))
#13 {main}
2019-02-20 11:56:12 Error: [PDOException] SQLSTATE[42S22]: Column not found: 1054 Unknown column 'PrisonerSentenceAppeal1.appeal_status' in 'where clause'
Request URL: /uganda_staging/prisoners/edit/3b5b0e38-34cf-11e9-b55b-941882087e06
Stack Trace:
#0 /var/www/html/uganda_staging/lib/Cake/Model/Datasource/DboSource.php(470): PDOStatement->execute(Array)
#1 /var/www/html/uganda_staging/lib/Cake/Model/Datasource/DboSource.php(436): DboSource->_execute('SELECT `Prisone...', Array)
#2 /var/www/html/uganda_staging/lib/Cake/Model/Datasource/DboSource.php(673): DboSource->execute('SELECT `Prisone...', Array, Array)
#3 /var/www/html/uganda_staging/lib/Cake/Model/Datasource/DboSource.php(1184): DboSource->fetchAll('SELECT `Prisone...', false)
#4 /var/www/html/uganda_staging/lib/Cake/Model/Model.php(3038): DboSource->read(Object(PrisonerOffence), Array)
#5 /var/www/html/uganda_staging/lib/Cake/Model/Model.php(3010): Model->_readDataSource('list', Array)
#6 /var/www/html/uganda_staging/app/Controller/AppController.php(4414): Model->find('list', Array)
#7 /var/www/html/uganda_staging/app/View/Elements/appeal.ctp(2): AppController->getAppealCaseFile('453')
#8 /var/www/html/uganda_staging/lib/Cake/View/View.php(971): include('/var/www/html/u...')
#9 /var/www/html/uganda_staging/lib/Cake/View/View.php(933): View->_evaluate('/var/www/html/u...', Array)
#10 /var/www/html/uganda_staging/lib/Cake/View/View.php(1224): View->_render('/var/www/html/u...', Array)
#11 /var/www/html/uganda_staging/lib/Cake/View/View.php(418): View->_renderElement('/var/www/html/u...', Array, Array)
#12 /var/www/html/uganda_staging/app/View/Prisoners/edit.ctp(1894): View->element('appeal')
#13 /var/www/html/uganda_staging/lib/Cake/View/View.php(971): include('/var/www/html/u...')
#14 /var/www/html/uganda_staging/lib/Cake/View/View.php(933): View->_evaluate('/var/www/html/u...', Array)
#15 /var/www/html/uganda_staging/lib/Cake/View/View.php(473): View->_render('/var/www/html/u...')
#16 /var/www/html/uganda_staging/lib/Cake/Controller/Controller.php(963): View->render(NULL, NULL)
#17 /var/www/html/uganda_staging/lib/Cake/Routing/Dispatcher.php(200): Controller->render()
#18 /var/www/html/uganda_staging/lib/Cake/Routing/Dispatcher.php(167): Dispatcher->_invoke(Object(PrisonersController), Object(CakeRequest))
#19 /var/www/html/uganda_staging/app/webroot/index.php(111): Dispatcher->dispatch(Object(CakeRequest), Object(CakeResponse))
#20 {main}
2019-02-20 11:56:13 Error: [PDOException] SQLSTATE[42S22]: Column not found: 1054 Unknown column 'PrisonerSentenceAppeal1.appeal_status' in 'where clause'
Request URL: /uganda_staging/prisoners/edit/3b5b0e38-34cf-11e9-b55b-941882087e06
Stack Trace:
#0 /var/www/html/uganda_staging/lib/Cake/Model/Datasource/DboSource.php(470): PDOStatement->execute(Array)
#1 /var/www/html/uganda_staging/lib/Cake/Model/Datasource/DboSource.php(436): DboSource->_execute('SELECT `Prisone...', Array)
#2 /var/www/html/uganda_staging/lib/Cake/Model/Datasource/DboSource.php(673): DboSource->execute('SELECT `Prisone...', Array, Array)
#3 /var/www/html/uganda_staging/lib/Cake/Model/Datasource/DboSource.php(1184): DboSource->fetchAll('SELECT `Prisone...', false)
#4 /var/www/html/uganda_staging/lib/Cake/Model/Model.php(3038): DboSource->read(Object(PrisonerOffence), Array)
#5 /var/www/html/uganda_staging/lib/Cake/Model/Model.php(3010): Model->_readDataSource('list', Array)
#6 /var/www/html/uganda_staging/app/Controller/AppController.php(4414): Model->find('list', Array)
#7 /var/www/html/uganda_staging/app/View/Elements/appeal.ctp(2): AppController->getAppealCaseFile('453')
#8 /var/www/html/uganda_staging/lib/Cake/View/View.php(971): include('/var/www/html/u...')
#9 /var/www/html/uganda_staging/lib/Cake/View/View.php(933): View->_evaluate('/var/www/html/u...', Array)
#10 /var/www/html/uganda_staging/lib/Cake/View/View.php(1224): View->_render('/var/www/html/u...', Array)
#11 /var/www/html/uganda_staging/lib/Cake/View/View.php(418): View->_renderElement('/var/www/html/u...', Array, Array)
#12 /var/www/html/uganda_staging/app/View/Prisoners/edit.ctp(1894): View->element('appeal')
#13 /var/www/html/uganda_staging/lib/Cake/View/View.php(971): include('/var/www/html/u...')
#14 /var/www/html/uganda_staging/lib/Cake/View/View.php(933): View->_evaluate('/var/www/html/u...', Array)
#15 /var/www/html/uganda_staging/lib/Cake/View/View.php(473): View->_render('/var/www/html/u...')
#16 /var/www/html/uganda_staging/lib/Cake/Controller/Controller.php(963): View->render(NULL, NULL)
#17 /var/www/html/uganda_staging/lib/Cake/Routing/Dispatcher.php(200): Controller->render()
#18 /var/www/html/uganda_staging/lib/Cake/Routing/Dispatcher.php(167): Dispatcher->_invoke(Object(PrisonersController), Object(CakeRequest))
#19 /var/www/html/uganda_staging/app/webroot/index.php(111): Dispatcher->dispatch(Object(CakeRequest), Object(CakeResponse))
#20 {main}
2019-02-20 11:56:42 Error: [PDOException] SQLSTATE[42S22]: Column not found: 1054 Unknown column 'PrisonerSentenceAppeal1.appeal_status' in 'where clause'
Request URL: /uganda_staging/prisoners/edit/d00c499f-2515-11e9-980a-941882087e06
Stack Trace:
#0 /var/www/html/uganda_staging/lib/Cake/Model/Datasource/DboSource.php(470): PDOStatement->execute(Array)
#1 /var/www/html/uganda_staging/lib/Cake/Model/Datasource/DboSource.php(436): DboSource->_execute('SELECT `Prisone...', Array)
#2 /var/www/html/uganda_staging/lib/Cake/Model/Datasource/DboSource.php(673): DboSource->execute('SELECT `Prisone...', Array, Array)
#3 /var/www/html/uganda_staging/lib/Cake/Model/Datasource/DboSource.php(1184): DboSource->fetchAll('SELECT `Prisone...', false)
#4 /var/www/html/uganda_staging/lib/Cake/Model/Model.php(3038): DboSource->read(Object(PrisonerOffence), Array)
#5 /var/www/html/uganda_staging/lib/Cake/Model/Model.php(3010): Model->_readDataSource('list', Array)
#6 /var/www/html/uganda_staging/app/Controller/AppController.php(4414): Model->find('list', Array)
#7 /var/www/html/uganda_staging/app/View/Elements/appeal.ctp(2): AppController->getAppealCaseFile('440')
#8 /var/www/html/uganda_staging/lib/Cake/View/View.php(971): include('/var/www/html/u...')
#9 /var/www/html/uganda_staging/lib/Cake/View/View.php(933): View->_evaluate('/var/www/html/u...', Array)
#10 /var/www/html/uganda_staging/lib/Cake/View/View.php(1224): View->_render('/var/www/html/u...', Array)
#11 /var/www/html/uganda_staging/lib/Cake/View/View.php(418): View->_renderElement('/var/www/html/u...', Array, Array)
#12 /var/www/html/uganda_staging/app/View/Prisoners/edit.ctp(1894): View->element('appeal')
#13 /var/www/html/uganda_staging/lib/Cake/View/View.php(971): include('/var/www/html/u...')
#14 /var/www/html/uganda_staging/lib/Cake/View/View.php(933): View->_evaluate('/var/www/html/u...', Array)
#15 /var/www/html/uganda_staging/lib/Cake/View/View.php(473): View->_render('/var/www/html/u...')
#16 /var/www/html/uganda_staging/lib/Cake/Controller/Controller.php(963): View->render(NULL, NULL)
#17 /var/www/html/uganda_staging/lib/Cake/Routing/Dispatcher.php(200): Controller->render()
#18 /var/www/html/uganda_staging/lib/Cake/Routing/Dispatcher.php(167): Dispatcher->_invoke(Object(PrisonersController), Object(CakeRequest))
#19 /var/www/html/uganda_staging/app/webroot/index.php(111): Dispatcher->dispatch(Object(CakeRequest), Object(CakeResponse))
#20 {main}
2019-02-20 11:56:43 Error: [PDOException] SQLSTATE[42S22]: Column not found: 1054 Unknown column 'PrisonerSentenceAppeal1.appeal_status' in 'where clause'
Request URL: /uganda_staging/prisoners/edit/d00c499f-2515-11e9-980a-941882087e06
Stack Trace:
#0 /var/www/html/uganda_staging/lib/Cake/Model/Datasource/DboSource.php(470): PDOStatement->execute(Array)
#1 /var/www/html/uganda_staging/lib/Cake/Model/Datasource/DboSource.php(436): DboSource->_execute('SELECT `Prisone...', Array)
#2 /var/www/html/uganda_staging/lib/Cake/Model/Datasource/DboSource.php(673): DboSource->execute('SELECT `Prisone...', Array, Array)
#3 /var/www/html/uganda_staging/lib/Cake/Model/Datasource/DboSource.php(1184): DboSource->fetchAll('SELECT `Prisone...', false)
#4 /var/www/html/uganda_staging/lib/Cake/Model/Model.php(3038): DboSource->read(Object(PrisonerOffence), Array)
#5 /var/www/html/uganda_staging/lib/Cake/Model/Model.php(3010): Model->_readDataSource('list', Array)
#6 /var/www/html/uganda_staging/app/Controller/AppController.php(4414): Model->find('list', Array)
#7 /var/www/html/uganda_staging/app/View/Elements/appeal.ctp(2): AppController->getAppealCaseFile('440')
#8 /var/www/html/uganda_staging/lib/Cake/View/View.php(971): include('/var/www/html/u...')
#9 /var/www/html/uganda_staging/lib/Cake/View/View.php(933): View->_evaluate('/var/www/html/u...', Array)
#10 /var/www/html/uganda_staging/lib/Cake/View/View.php(1224): View->_render('/var/www/html/u...', Array)
#11 /var/www/html/uganda_staging/lib/Cake/View/View.php(418): View->_renderElement('/var/www/html/u...', Array, Array)
#12 /var/www/html/uganda_staging/app/View/Prisoners/edit.ctp(1894): View->element('appeal')
#13 /var/www/html/uganda_staging/lib/Cake/View/View.php(971): include('/var/www/html/u...')
#14 /var/www/html/uganda_staging/lib/Cake/View/View.php(933): View->_evaluate('/var/www/html/u...', Array)
#15 /var/www/html/uganda_staging/lib/Cake/View/View.php(473): View->_render('/var/www/html/u...')
#16 /var/www/html/uganda_staging/lib/Cake/Controller/Controller.php(963): View->render(NULL, NULL)
#17 /var/www/html/uganda_staging/lib/Cake/Routing/Dispatcher.php(200): Controller->render()
#18 /var/www/html/uganda_staging/lib/Cake/Routing/Dispatcher.php(167): Dispatcher->_invoke(Object(PrisonersController), Object(CakeRequest))
#19 /var/www/html/uganda_staging/app/webroot/index.php(111): Dispatcher->dispatch(Object(CakeRequest), Object(CakeResponse))
#20 {main}
